Start testing: Nov 29 11:16 +07
----------------------------------------------------------
1/6 Testing: TimeConstructors.DefaultConstructor
1/6 Test: TimeConstructors.DefaultConstructor
Command: "/home/ender/OOP/Sergeev_Egor_OOP/build-HW5-Desktop-Debug/Time_test" "--gtest_filter=TimeConstructors.DefaultConstructor" "--gtest_also_run_disabled_tests"
Directory: /home/ender/OOP/Sergeev_Egor_OOP/build-HW5-Desktop-Debug
"TimeConstructors.DefaultConstructor" start time: Nov 29 11:16 +07
Output:
----------------------------------------------------------
Running main() from /home/ender/OOP/Sergeev_Egor_OOP/build-HW5-Desktop-Debug/_deps/googletest-src/googletest/src/gtest_main.cc
Note: Google Test filter = TimeConstructors.DefaultConstructor
[==========] Running 1 test from 1 test suite.
[----------] Global test environment set-up.
[----------] 1 test from TimeConstructors
[ RUN      ] TimeConstructors.DefaultConstructor
[       OK ] TimeConstructors.DefaultConstructor (0 ms)
[----------] 1 test from TimeConstructors (0 ms total)

[----------] Global test environment tear-down
[==========] 1 test from 1 test suite ran. (0 ms total)
[  PASSED  ] 1 test.
<end of output>
Test time =   0.00 sec
----------------------------------------------------------
Test Passed.
"TimeConstructors.DefaultConstructor" end time: Nov 29 11:16 +07
"TimeConstructors.DefaultConstructor" time elapsed: 00:00:00
----------------------------------------------------------

2/6 Testing: TimeConstructors.ParameterizedConstructor
2/6 Test: TimeConstructors.ParameterizedConstructor
Command: "/home/ender/OOP/Sergeev_Egor_OOP/build-HW5-Desktop-Debug/Time_test" "--gtest_filter=TimeConstructors.ParameterizedConstructor" "--gtest_also_run_disabled_tests"
Directory: /home/ender/OOP/Sergeev_Egor_OOP/build-HW5-Desktop-Debug
"TimeConstructors.ParameterizedConstructor" start time: Nov 29 11:16 +07
Output:
----------------------------------------------------------
Running main() from /home/ender/OOP/Sergeev_Egor_OOP/build-HW5-Desktop-Debug/_deps/googletest-src/googletest/src/gtest_main.cc
Note: Google Test filter = TimeConstructors.ParameterizedConstructor
[==========] Running 1 test from 1 test suite.
[----------] Global test environment set-up.
[----------] 1 test from TimeConstructors
[ RUN      ] TimeConstructors.ParameterizedConstructor
[       OK ] TimeConstructors.ParameterizedConstructor (0 ms)
[----------] 1 test from TimeConstructors (0 ms total)

[----------] Global test environment tear-down
[==========] 1 test from 1 test suite ran. (0 ms total)
[  PASSED  ] 1 test.
<end of output>
Test time =   0.00 sec
----------------------------------------------------------
Test Passed.
"TimeConstructors.ParameterizedConstructor" end time: Nov 29 11:16 +07
"TimeConstructors.ParameterizedConstructor" time elapsed: 00:00:00
----------------------------------------------------------

3/6 Testing: TimeOperators.AdditionOperator
3/6 Test: TimeOperators.AdditionOperator
Command: "/home/ender/OOP/Sergeev_Egor_OOP/build-HW5-Desktop-Debug/Time_test" "--gtest_filter=TimeOperators.AdditionOperator" "--gtest_also_run_disabled_tests"
Directory: /home/ender/OOP/Sergeev_Egor_OOP/build-HW5-Desktop-Debug
"TimeOperators.AdditionOperator" start time: Nov 29 11:16 +07
Output:
----------------------------------------------------------
Running main() from /home/ender/OOP/Sergeev_Egor_OOP/build-HW5-Desktop-Debug/_deps/googletest-src/googletest/src/gtest_main.cc
Note: Google Test filter = TimeOperators.AdditionOperator
[==========] Running 1 test from 1 test suite.
[----------] Global test environment set-up.
[----------] 1 test from TimeOperators
[ RUN      ] TimeOperators.AdditionOperator
[       OK ] TimeOperators.AdditionOperator (0 ms)
[----------] 1 test from TimeOperators (0 ms total)

[----------] Global test environment tear-down
[==========] 1 test from 1 test suite ran. (0 ms total)
[  PASSED  ] 1 test.
<end of output>
Test time =   0.00 sec
----------------------------------------------------------
Test Passed.
"TimeOperators.AdditionOperator" end time: Nov 29 11:16 +07
"TimeOperators.AdditionOperator" time elapsed: 00:00:00
----------------------------------------------------------

4/6 Testing: TimeOperators.EqualityOperator
4/6 Test: TimeOperators.EqualityOperator
Command: "/home/ender/OOP/Sergeev_Egor_OOP/build-HW5-Desktop-Debug/Time_test" "--gtest_filter=TimeOperators.EqualityOperator" "--gtest_also_run_disabled_tests"
Directory: /home/ender/OOP/Sergeev_Egor_OOP/build-HW5-Desktop-Debug
"TimeOperators.EqualityOperator" start time: Nov 29 11:16 +07
Output:
----------------------------------------------------------
Running main() from /home/ender/OOP/Sergeev_Egor_OOP/build-HW5-Desktop-Debug/_deps/googletest-src/googletest/src/gtest_main.cc
Note: Google Test filter = TimeOperators.EqualityOperator
[==========] Running 1 test from 1 test suite.
[----------] Global test environment set-up.
[----------] 1 test from TimeOperators
[ RUN      ] TimeOperators.EqualityOperator
[       OK ] TimeOperators.EqualityOperator (0 ms)
[----------] 1 test from TimeOperators (0 ms total)

[----------] Global test environment tear-down
[==========] 1 test from 1 test suite ran. (0 ms total)
[  PASSED  ] 1 test.
<end of output>
Test time =   0.00 sec
----------------------------------------------------------
Test Passed.
"TimeOperators.EqualityOperator" end time: Nov 29 11:16 +07
"TimeOperators.EqualityOperator" time elapsed: 00:00:00
----------------------------------------------------------

5/6 Testing: TimeMethods.Normalize
5/6 Test: TimeMethods.Normalize
Command: "/home/ender/OOP/Sergeev_Egor_OOP/build-HW5-Desktop-Debug/Time_test" "--gtest_filter=TimeMethods.Normalize" "--gtest_also_run_disabled_tests"
Directory: /home/ender/OOP/Sergeev_Egor_OOP/build-HW5-Desktop-Debug
"TimeMethods.Normalize" start time: Nov 29 11:16 +07
Output:
----------------------------------------------------------
Running main() from /home/ender/OOP/Sergeev_Egor_OOP/build-HW5-Desktop-Debug/_deps/googletest-src/googletest/src/gtest_main.cc
Note: Google Test filter = TimeMethods.Normalize
[==========] Running 1 test from 1 test suite.
[----------] Global test environment set-up.
[----------] 1 test from TimeMethods
[ RUN      ] TimeMethods.Normalize
[       OK ] TimeMethods.Normalize (0 ms)
[----------] 1 test from TimeMethods (0 ms total)

[----------] Global test environment tear-down
[==========] 1 test from 1 test suite ran. (0 ms total)
[  PASSED  ] 1 test.
<end of output>
Test time =   0.00 sec
----------------------------------------------------------
Test Passed.
"TimeMethods.Normalize" end time: Nov 29 11:16 +07
"TimeMethods.Normalize" time elapsed: 00:00:00
----------------------------------------------------------

6/6 Testing: TimeMethods.FailingTest
6/6 Test: TimeMethods.FailingTest
Command: "/home/ender/OOP/Sergeev_Egor_OOP/build-HW5-Desktop-Debug/Time_test" "--gtest_filter=TimeMethods.FailingTest" "--gtest_also_run_disabled_tests"
Directory: /home/ender/OOP/Sergeev_Egor_OOP/build-HW5-Desktop-Debug
"TimeMethods.FailingTest" start time: Nov 29 11:16 +07
Output:
----------------------------------------------------------
Running main() from /home/ender/OOP/Sergeev_Egor_OOP/build-HW5-Desktop-Debug/_deps/googletest-src/googletest/src/gtest_main.cc
Note: Google Test filter = TimeMethods.FailingTest
[==========] Running 1 test from 1 test suite.
[----------] Global test environment set-up.
[----------] 1 test from TimeMethods
[ RUN      ] TimeMethods.FailingTest
/home/ender/OOP/Sergeev_Egor_OOP/HW5/Time_test.cpp:36: Failure
Expected equality of these values:
  t.ToSeconds()
    Which is: 3600
  7200
[  FAILED  ] TimeMethods.FailingTest (0 ms)
[----------] 1 test from TimeMethods (0 ms total)

[----------] Global test environment tear-down
[==========] 1 test from 1 test suite ran. (0 ms total)
[  PASSED  ] 0 tests.
[  FAILED  ] 1 test, listed below:
[  FAILED  ] TimeMethods.FailingTest

 1 FAILED TEST
<end of output>
Test time =   0.00 sec
----------------------------------------------------------
Test Failed.
"TimeMethods.FailingTest" end time: Nov 29 11:16 +07
"TimeMethods.FailingTest" time elapsed: 00:00:00
----------------------------------------------------------

End testing: Nov 29 11:16 +07
